2024-03-30 10:04:41,009-INFO-this is test for web auto
2024-03-30 10:48:04,355-INFO-this is test for web auto
2024-03-30 10:48:04,355-ERROR-this is error
2024-03-30 10:56:08,584-ERROR-Traceback (most recent call last):
  File "C:\Users\ybfyyj1994\PycharmProjects\ClevGuardMarket\common\basepage.py", line 76, in find_element
    r=self.driver.find_element(by,element)
  File "C:\Users\ybfyyj1994\PycharmProjects\ClevGuardMarket\venv\lib\site-packages\selenium\webdriver\remote\webdriver.py", line 741, in find_element
    return self.execute(Command.FIND_ELEMENT, {"using": by, "value": value})["value"]
  File "C:\Users\ybfyyj1994\PycharmProjects\ClevGuardMarket\venv\lib\site-packages\selenium\webdriver\remote\webdriver.py", line 347, in execute
    self.error_handler.check_response(response)
  File "C:\Users\ybfyyj1994\PycharmProjects\ClevGuardMarket\venv\lib\site-packages\selenium\webdriver\remote\errorhandler.py", line 229, in check_response
    raise exception_class(message, screen, stacktrace)
selenium.common.exceptions.NoSuchElementException: Message: no such element: Unable to locate element: {"method":"xpath","selector":"//div[4]/p[@class="nav-name"]"}
  (Session info: chrome=123.0.6312.86); For documentation on this error, please visit: https://www.selenium.dev/documentation/webdriver/troubleshooting/errors#no-such-element-exception
Stacktrace:
	GetHandleVerifier [0x00007FF66C1370C2+63090]
	(No symbol) [0x00007FF66C0A2D12]
	(No symbol) [0x00007FF66BF3EC65]
	(No symbol) [0x00007FF66BF8499D]
	(No symbol) [0x00007FF66BF84ADC]
	(No symbol) [0x00007FF66BFC5B37]
	(No symbol) [0x00007FF66BFA701F]
	(No symbol) [0x00007FF66BFC3412]
	(No symbol) [0x00007FF66BFA6D83]
	(No symbol) [0x00007FF66BF783A8]
	(No symbol) [0x00007FF66BF79441]
	GetHandleVerifier [0x00007FF66C53262D+4238301]
	GetHandleVerifier [0x00007FF66C56F78D+4488509]
	GetHandleVerifier [0x00007FF66C567A6F+4456479]
	GetHandleVerifier [0x00007FF66C210606+953270]
	(No symbol) [0x00007FF66C0AE5DF]
	(No symbol) [0x00007FF66C0A92B4]
	(No symbol) [0x00007FF66C0A93EB]
	(No symbol) [0x00007FF66C099C24]
	BaseThreadInitThunk [0x00007FFD8839257D+29]
	RtlUserThreadStart [0x00007FFD8976AA58+40]


2024-03-30 10:56:36,293-ERROR-Traceback (most recent call last):
  File "C:\Users\ybfyyj1994\PycharmProjects\ClevGuardMarket\common\basepage.py", line 76, in find_element
    r=self.driver.find_element(by,element)
  File "C:\Users\ybfyyj1994\PycharmProjects\ClevGuardMarket\venv\lib\site-packages\selenium\webdriver\remote\webdriver.py", line 741, in find_element
    return self.execute(Command.FIND_ELEMENT, {"using": by, "value": value})["value"]
  File "C:\Users\ybfyyj1994\PycharmProjects\ClevGuardMarket\venv\lib\site-packages\selenium\webdriver\remote\webdriver.py", line 347, in execute
    self.error_handler.check_response(response)
  File "C:\Users\ybfyyj1994\PycharmProjects\ClevGuardMarket\venv\lib\site-packages\selenium\webdriver\remote\errorhandler.py", line 229, in check_response
    raise exception_class(message, screen, stacktrace)
selenium.common.exceptions.NoSuchElementException: Message: no such element: Unable to locate element: {"method":"xpath","selector":"//div[4]/p[@class="nav-name"]"}
  (Session info: chrome=123.0.6312.86); For documentation on this error, please visit: https://www.selenium.dev/documentation/webdriver/troubleshooting/errors#no-such-element-exception
Stacktrace:
	GetHandleVerifier [0x00007FF66C1370C2+63090]
	(No symbol) [0x00007FF66C0A2D12]
	(No symbol) [0x00007FF66BF3EC65]
	(No symbol) [0x00007FF66BF8499D]
	(No symbol) [0x00007FF66BF84ADC]
	(No symbol) [0x00007FF66BFC5B37]
	(No symbol) [0x00007FF66BFA701F]
	(No symbol) [0x00007FF66BFC3412]
	(No symbol) [0x00007FF66BFA6D83]
	(No symbol) [0x00007FF66BF783A8]
	(No symbol) [0x00007FF66BF79441]
	GetHandleVerifier [0x00007FF66C53262D+4238301]
	GetHandleVerifier [0x00007FF66C56F78D+4488509]
	GetHandleVerifier [0x00007FF66C567A6F+4456479]
	GetHandleVerifier [0x00007FF66C210606+953270]
	(No symbol) [0x00007FF66C0AE5DF]
	(No symbol) [0x00007FF66C0A92B4]
	(No symbol) [0x00007FF66C0A93EB]
	(No symbol) [0x00007FF66C099C24]
	BaseThreadInitThunk [0x00007FFD8839257D+29]
	RtlUserThreadStart [0x00007FFD8976AA58+40]


2024-03-30 10:57:08,304-DEBUG-元素定位成功：//div[4]/p[@class="nav-name"]
2024-03-30 10:57:38,878-DEBUG-元素定位成功：//div[4]/p[@class="nav-name"]
2024-03-30 10:58:12,309-DEBUG-元素定位成功：//div[4]/p[@class="nav-name"]
2024-03-30 11:01:02,693-ERROR-Traceback (most recent call last):
  File "C:\Users\ybfyyj1994\PycharmProjects\ClevGuardMarket\common\basepage.py", line 77, in find_element
    r = self.driver.find_element(by, element)
  File "C:\Users\ybfyyj1994\PycharmProjects\ClevGuardMarket\venv\lib\site-packages\selenium\webdriver\remote\webdriver.py", line 741, in find_element
    return self.execute(Command.FIND_ELEMENT, {"using": by, "value": value})["value"]
  File "C:\Users\ybfyyj1994\PycharmProjects\ClevGuardMarket\venv\lib\site-packages\selenium\webdriver\remote\webdriver.py", line 347, in execute
    self.error_handler.check_response(response)
  File "C:\Users\ybfyyj1994\PycharmProjects\ClevGuardMarket\venv\lib\site-packages\selenium\webdriver\remote\errorhandler.py", line 229, in check_response
    raise exception_class(message, screen, stacktrace)
selenium.common.exceptions.JavascriptException: Message: javascript error: {"status":32,"value":"An invalid or illegal selector was specified"}
  (Session info: chrome=123.0.6312.86)
Stacktrace:
	GetHandleVerifier [0x00007FF66C1370C2+63090]
	(No symbol) [0x00007FF66C0A2D12]
	(No symbol) [0x00007FF66BF3EC65]
	(No symbol) [0x00007FF66BF43D21]
	(No symbol) [0x00007FF66BF46159]
	(No symbol) [0x00007FF66BF46200]
	(No symbol) [0x00007FF66BF8460C]
	(No symbol) [0x00007FF66BF84ADC]
	(No symbol) [0x00007FF66BFC5B37]
	(No symbol) [0x00007FF66BFA701F]
	(No symbol) [0x00007FF66BFC3412]
	(No symbol) [0x00007FF66BFA6D83]
	(No symbol) [0x00007FF66BF783A8]
	(No symbol) [0x00007FF66BF79441]
	GetHandleVerifier [0x00007FF66C53262D+4238301]
	GetHandleVerifier [0x00007FF66C56F78D+4488509]
	GetHandleVerifier [0x00007FF66C567A6F+4456479]
	GetHandleVerifier [0x00007FF66C210606+953270]
	(No symbol) [0x00007FF66C0AE5DF]
	(No symbol) [0x00007FF66C0A92B4]
	(No symbol) [0x00007FF66C0A93EB]
	(No symbol) [0x00007FF66C099C24]
	BaseThreadInitThunk [0x00007FFD8839257D+29]
	RtlUserThreadStart [0x00007FFD8976AA58+40]


2024-03-30 11:01:12,664-ERROR-Traceback (most recent call last):
  File "C:\Users\ybfyyj1994\PycharmProjects\ClevGuardMarket\common\basepage.py", line 77, in find_element
    r = self.driver.find_element(by, element)
  File "C:\Users\ybfyyj1994\PycharmProjects\ClevGuardMarket\venv\lib\site-packages\selenium\webdriver\remote\webdriver.py", line 741, in find_element
    return self.execute(Command.FIND_ELEMENT, {"using": by, "value": value})["value"]
  File "C:\Users\ybfyyj1994\PycharmProjects\ClevGuardMarket\venv\lib\site-packages\selenium\webdriver\remote\webdriver.py", line 347, in execute
    self.error_handler.check_response(response)
  File "C:\Users\ybfyyj1994\PycharmProjects\ClevGuardMarket\venv\lib\site-packages\selenium\webdriver\remote\errorhandler.py", line 229, in check_response
    raise exception_class(message, screen, stacktrace)
selenium.common.exceptions.JavascriptException: Message: javascript error: {"status":32,"value":"An invalid or illegal selector was specified"}
  (Session info: chrome=123.0.6312.86)
Stacktrace:
	GetHandleVerifier [0x00007FF66C1370C2+63090]
	(No symbol) [0x00007FF66C0A2D12]
	(No symbol) [0x00007FF66BF3EC65]
	(No symbol) [0x00007FF66BF43D21]
	(No symbol) [0x00007FF66BF46159]
	(No symbol) [0x00007FF66BF46200]
	(No symbol) [0x00007FF66BF8460C]
	(No symbol) [0x00007FF66BF84ADC]
	(No symbol) [0x00007FF66BFC5B37]
	(No symbol) [0x00007FF66BFA701F]
	(No symbol) [0x00007FF66BFC3412]
	(No symbol) [0x00007FF66BFA6D83]
	(No symbol) [0x00007FF66BF783A8]
	(No symbol) [0x00007FF66BF79441]
	GetHandleVerifier [0x00007FF66C53262D+4238301]
	GetHandleVerifier [0x00007FF66C56F78D+4488509]
	GetHandleVerifier [0x00007FF66C567A6F+4456479]
	GetHandleVerifier [0x00007FF66C210606+953270]
	(No symbol) [0x00007FF66C0AE5DF]
	(No symbol) [0x00007FF66C0A92B4]
	(No symbol) [0x00007FF66C0A93EB]
	(No symbol) [0x00007FF66C099C24]
	BaseThreadInitThunk [0x00007FFD8839257D+29]
	RtlUserThreadStart [0x00007FFD8976AA58+40]


2024-03-30 11:02:33,558-DEBUG-元素定位成功：hot-refresh-text
2024-03-30 11:58:55,641-DEBUG-元素定位成功：hot-refresh-text
2024-03-30 16:15:36,081-DEBUG-元素定位成功：hot-refresh-text
